<?xml version="1.0" encoding="UTF-8"?>
<!-- Generated by org.testng.reporters.JUnitXMLReporter -->
<testsuite hostname="BAZYLKOT7" ignored="0" name="Surefire test" tests="19" failures="0" timestamp="14 Feb 2018 15:31:56 GMT" time="22.661" errors="0">
  <testcase name="testDB" time="1.642" classname="OrderCorrection.DBConnectionTest"/>
  <testcase name="qocGetReq_OrderHeaderId" time="2.976" classname="OrderCorrection.OrderCorrection_GetTests"/>
  <testcase name="qocGetReq_sourceSystemOrderNumber" time="0.666" classname="OrderCorrection.OrderCorrection_GetTests"/>
  <testcase name="testStatusCode" time="0.75" classname="OrderCorrection.OrderCorrection_GetTests"/>
  <testcase name="qocEmptyPostTest" time="0.77" classname="OrderCorrection.OrderCorrection_PostTests"/>
  <testcase name="qocExpPostTest" time="1.411" classname="OrderCorrection.OrderCorrection_PostTests"/>
  <testcase name="qocHoldPostTest" time="0.7" classname="OrderCorrection.OrderCorrection_PostTests"/>
  <testcase name="qocPostTestNegative" time="0.674" classname="OrderCorrection.OrderCorrection_PostTests"/>
  <testcase name="qocShipAfterPostTest" time="0.693" classname="OrderCorrection.OrderCorrection_PostTests"/>
  <testcase name="qocWrongFieldForCorrection" time="0.7" classname="OrderCorrection.OrderCorrection_PostTests"/>
  <testcase name="qocWrongFieldForCorrection" time="0.681" classname="OrderCorrection.OrderCorrection_PostTests"/>
  <testcase name="qocWrongFieldForCorrection" time="0.672" classname="OrderCorrection.OrderCorrection_PostTests"/>
  <testcase name="qocWrongFieldForCorrection" time="0.683" classname="OrderCorrection.OrderCorrection_PostTests"/>
  <testcase name="qocWrongFieldForCorrection" time="0.681" classname="OrderCorrection.OrderCorrection_PostTests"/>
  <testcase name="qocWrongFieldForCorrection" time="0.69" classname="OrderCorrection.OrderCorrection_PostTests"/>
  <testcase name="qocWrongFieldForCorrection" time="0.68" classname="OrderCorrection.OrderCorrection_PostTests"/>
  <testcase name="qocDeleteNegative" time="0.658" classname="OrderCorrection.Test_OrderCorrection_Delete"/>
  <testcase name="qocDeleteNegativeNUM" time="0.677" classname="OrderCorrection.Test_OrderCorrection_Delete"/>
  <testcase name="qocDeletePositive_test" time="0.68" classname="OrderCorrection.Test_OrderCorrection_Delete"/>
</testsuite> <!-- Surefire test -->
